<?xml version="1.0" encoding="UTF-8"?>
<testsuite xmlns:xsi="http://www.w3.org/2001/XMLSchema-instance" xsi:noNamespaceSchemaLocation="https://maven.apache.org/surefire/maven-surefire-plugin/xsd/surefire-test-report-3.0.xsd" version="3.0" name="com.absa.api.PetfinderRealTest" time="3.576" tests="1" errors="0" skipped="0" failures="0">
  <properties>
    <property name="java.specification.version" value="23"/>
    <property name="sun.jnu.encoding" value="UTF-8"/>
    <property name="java.class.path" value="/Users/kabelomodipa/Documents/GitHub/absa-techinical-assessment/target/test-classes:/Users/kabelomodipa/Documents/GitHub/absa-techinical-assessment/target/classes:/Users/kabelomodipa/.m2/repository/org/seleniumhq/selenium/selenium-java/4.1.0/selenium-java-4.1.0.jar:/Users/kabelomodipa/.m2/repository/org/seleniumhq/selenium/selenium-api/4.1.0/selenium-api-4.1.0.jar:/Users/kabelomodipa/.m2/repository/org/seleniumhq/selenium/selenium-chrome-driver/4.1.0/selenium-chrome-driver-4.1.0.jar:/Users/kabelomodipa/.m2/repository/com/google/auto/service/auto-service-annotations/1.0.1/auto-service-annotations-1.0.1.jar:/Users/kabelomodipa/.m2/repository/com/google/auto/service/auto-service/1.0.1/auto-service-1.0.1.jar:/Users/kabelomodipa/.m2/repository/com/google/auto/auto-common/1.2/auto-common-1.2.jar:/Users/kabelomodipa/.m2/repository/org/seleniumhq/selenium/selenium-chromium-driver/4.1.0/selenium-chromium-driver-4.1.0.jar:/Users/kabelomodipa/.m2/repository/org/seleniumhq/selenium/selenium-json/4.1.0/selenium-json-4.1.0.jar:/Users/kabelomodipa/.m2/repository/org/seleniumhq/selenium/selenium-devtools-v85/4.1.0/selenium-devtools-v85-4.1.0.jar:/Users/kabelomodipa/.m2/repository/org/seleniumhq/selenium/selenium-devtools-v94/4.1.0/selenium-devtools-v94-4.1.0.jar:/Users/kabelomodipa/.m2/repository/org/seleniumhq/selenium/selenium-devtools-v95/4.1.0/selenium-devtools-v95-4.1.0.jar:/Users/kabelomodipa/.m2/repository/org/seleniumhq/selenium/selenium-devtools-v96/4.1.0/selenium-devtools-v96-4.1.0.jar:/Users/kabelomodipa/.m2/repository/org/seleniumhq/selenium/selenium-edge-driver/4.1.0/selenium-edge-driver-4.1.0.jar:/Users/kabelomodipa/.m2/repository/org/seleniumhq/selenium/selenium-firefox-driver/4.1.0/selenium-firefox-driver-4.1.0.jar:/Users/kabelomodipa/.m2/repository/org/seleniumhq/selenium/selenium-firefox-xpi-driver/4.1.0/selenium-firefox-xpi-driver-4.1.0.jar:/Users/kabelomodipa/.m2/repository/org/seleniumhq/selenium/selenium-ie-driver/4.1.0/selenium-ie-driver-4.1.0.jar:/Users/kabelomodipa/.m2/repository/org/seleniumhq/selenium/selenium-opera-driver/4.1.0/selenium-opera-driver-4.1.0.jar:/Users/kabelomodipa/.m2/repository/org/seleniumhq/selenium/selenium-remote-driver/4.1.0/selenium-remote-driver-4.1.0.jar:/Users/kabelomodipa/.m2/repository/io/netty/netty-buffer/4.1.69.Final/netty-buffer-4.1.69.Final.jar:/Users/kabelomodipa/.m2/repository/io/netty/netty-codec-http/4.1.69.Final/netty-codec-http-4.1.69.Final.jar:/Users/kabelomodipa/.m2/repository/io/netty/netty-codec/4.1.69.Final/netty-codec-4.1.69.Final.jar:/Users/kabelomodipa/.m2/repository/io/netty/netty-handler/4.1.69.Final/netty-handler-4.1.69.Final.jar:/Users/kabelomodipa/.m2/repository/io/netty/netty-common/4.1.69.Final/netty-common-4.1.69.Final.jar:/Users/kabelomodipa/.m2/repository/io/netty/netty-transport-native-epoll/4.1.69.Final/netty-transport-native-epoll-4.1.69.Final.jar:/Users/kabelomodipa/.m2/repository/io/netty/netty-transport-native-kqueue/4.1.69.Final/netty-transport-native-kqueue-4.1.69.Final.jar:/Users/kabelomodipa/.m2/repository/io/netty/netty-transport-native-unix-common/4.1.69.Final/netty-transport-native-unix-common-4.1.69.Final.jar:/Users/kabelomodipa/.m2/repository/io/netty/netty-transport/4.1.69.Final/netty-transport-4.1.69.Final.jar:/Users/kabelomodipa/.m2/repository/io/netty/netty-resolver/4.1.69.Final/netty-resolver-4.1.69.Final.jar:/Users/kabelomodipa/.m2/repository/io/opentelemetry/opentelemetry-api/1.9.0/opentelemetry-api-1.9.0.jar:/Users/kabelomodipa/.m2/repository/io/opentelemetry/opentelemetry-context/1.9.0/opentelemetry-context-1.9.0.jar:/Users/kabelomodipa/.m2/repository/io/opentelemetry/opentelemetry-exporter-logging/1.9.0/opentelemetry-exporter-logging-1.9.0.jar:/Users/kabelomodipa/.m2/repository/io/opentelemetry/opentelemetry-sdk-metrics/1.9.0-alpha/opentelemetry-sdk-metrics-1.9.0-alpha.jar:/Users/kabelomodipa/.m2/repository/io/opentelemetry/opentelemetry-sdk-logs/1.9.0-alpha/opentelemetry-sdk-logs-1.9.0-alpha.jar:/Users/kabelomodipa/.m2/repository/io/opentelemetry/opentelemetry-sdk-common/1.9.0/opentelemetry-sdk-common-1.9.0.jar:/Users/kabelomodipa/.m2/repository/io/opentelemetry/opentelemetry-sdk-extension-autoconfigure-spi/1.9.0/opentelemetry-sdk-extension-autoconfigure-spi-1.9.0.jar:/Users/kabelomodipa/.m2/repository/io/opentelemetry/opentelemetry-sdk-extension-autoconfigure/1.9.0-alpha/opentelemetry-sdk-extension-autoconfigure-1.9.0-alpha.jar:/Users/kabelomodipa/.m2/repository/io/opentelemetry/opentelemetry-sdk-trace/1.9.0/opentelemetry-sdk-trace-1.9.0.jar:/Users/kabelomodipa/.m2/repository/io/opentelemetry/opentelemetry-api-metrics/1.9.0-alpha/opentelemetry-api-metrics-1.9.0-alpha.jar:/Users/kabelomodipa/.m2/repository/io/opentelemetry/opentelemetry-sdk/1.9.0/opentelemetry-sdk-1.9.0.jar:/Users/kabelomodipa/.m2/repository/io/opentelemetry/opentelemetry-semconv/1.9.0-alpha/opentelemetry-semconv-1.9.0-alpha.jar:/Users/kabelomodipa/.m2/repository/io/ous/jtoml/2.0.0/jtoml-2.0.0.jar:/Users/kabelomodipa/.m2/repository/org/apache/commons/commons-exec/1.3/commons-exec-1.3.jar:/Users/kabelomodipa/.m2/repository/org/asynchttpclient/async-http-client/2.12.3/async-http-client-2.12.3.jar:/Users/kabelomodipa/.m2/repository/org/asynchttpclient/async-http-client-netty-utils/2.12.3/async-http-client-netty-utils-2.12.3.jar:/Users/kabelomodipa/.m2/repository/io/netty/netty-codec-socks/4.1.60.Final/netty-codec-socks-4.1.60.Final.jar:/Users/kabelomodipa/.m2/repository/io/netty/netty-handler-proxy/4.1.60.Final/netty-handler-proxy-4.1.60.Final.jar:/Users/kabelomodipa/.m2/repository/io/netty/netty-transport-native-epoll/4.1.60.Final/netty-transport-native-epoll-4.1.60.Final-linux-x86_64.jar:/Users/kabelomodipa/.m2/repository/io/netty/netty-transport-native-kqueue/4.1.60.Final/netty-transport-native-kqueue-4.1.60.Final-osx-x86_64.jar:/Users/kabelomodipa/.m2/repository/org/reactivestreams/reactive-streams/1.0.3/reactive-streams-1.0.3.jar:/Users/kabelomodipa/.m2/repository/com/typesafe/netty/netty-reactive-streams/2.0.4/netty-reactive-streams-2.0.4.jar:/Users/kabelomodipa/.m2/repository/com/sun/activation/jakarta.activation/1.2.2/jakarta.activation-1.2.2.jar:/Users/kabelomodipa/.m2/repository/org/seleniumhq/selenium/selenium-http/4.1.0/selenium-http-4.1.0.jar:/Users/kabelomodipa/.m2/repository/net/jodah/failsafe/2.4.4/failsafe-2.4.4.jar:/Users/kabelomodipa/.m2/repository/org/seleniumhq/selenium/selenium-safari-driver/4.1.0/selenium-safari-driver-4.1.0.jar:/Users/kabelomodipa/.m2/repository/org/seleniumhq/selenium/selenium-support/4.1.0/selenium-support-4.1.0.jar:/Users/kabelomodipa/.m2/repository/commons-io/commons-io/2.11.0/commons-io-2.11.0.jar:/Users/kabelomodipa/.m2/repository/org/testng/testng/7.4.0/testng-7.4.0.jar:/Users/kabelomodipa/.m2/repository/com/beust/jcommander/1.78/jcommander-1.78.jar:/Users/kabelomodipa/.m2/repository/org/webjars/jquery/3.5.1/jquery-3.5.1.jar:/Users/kabelomodipa/.m2/repository/io/cucumber/cucumber-java/6.10.4/cucumber-java-6.10.4.jar:/Users/kabelomodipa/.m2/repository/io/cucumber/cucumber-core/6.10.4/cucumber-core-6.10.4.jar:/Users/kabelomodipa/.m2/repository/io/cucumber/cucumber-gherkin/6.10.4/cucumber-gherkin-6.10.4.jar:/Users/kabelomodipa/.m2/repository/io/cucumber/cucumber-gherkin-messages/6.10.4/cucumber-gherkin-messages-6.10.4.jar:/Users/kabelomodipa/.m2/repository/io/cucumber/messages/15.0.0/messages-15.0.0.jar:/Users/kabelomodipa/.m2/repository/io/cucumber/tag-expressions/3.0.1/tag-expressions-3.0.1.jar:/Users/kabelomodipa/.m2/repository/io/cucumber/cucumber-expressions/10.3.0/cucumber-expressions-10.3.0.jar:/Users/kabelomodipa/.m2/repository/io/cucumber/datatable/3.5.0/datatable-3.5.0.jar:/Users/kabelomodipa/.m2/repository/io/cucumber/cucumber-plugin/6.10.4/cucumber-plugin-6.10.4.jar:/Users/kabelomodipa/.m2/repository/io/cucumber/docstring/6.10.4/docstring-6.10.4.jar:/Users/kabelomodipa/.m2/repository/io/cucumber/html-formatter/13.0.0/html-formatter-13.0.0.jar:/Users/kabelomodipa/.m2/repository/io/cucumber/create-meta/4.0.0/create-meta-4.0.0.jar:/Users/kabelomodipa/.m2/repository/org/apiguardian/apiguardian-api/1.1.1/apiguardian-api-1.1.1.jar:/Users/kabelomodipa/.m2/repository/io/cucumber/cucumber-testng/6.10.4/cucumber-testng-6.10.4.jar:/Users/kabelomodipa/.m2/repository/io/github/bonigarcia/webdrivermanager/5.6.3/webdrivermanager-5.6.3.jar:/Users/kabelomodipa/.m2/repository/org/slf4j/slf4j-api/2.0.10/slf4j-api-2.0.10.jar:/Users/kabelomodipa/.m2/repository/com/google/code/gson/gson/2.10.1/gson-2.10.1.jar:/Users/kabelomodipa/.m2/repository/com/github/docker-java/docker-java/3.3.4/docker-java-3.3.4.jar:/Users/kabelomodipa/.m2/repository/com/github/docker-java/docker-java-core/3.3.4/docker-java-core-3.3.4.jar:/Users/kabelomodipa/.m2/repository/com/github/docker-java/docker-java-api/3.3.4/docker-java-api-3.3.4.jar:/Users/kabelomodipa/.m2/repository/org/bouncycastle/bcpkix-jdk18on/1.76/bcpkix-jdk18on-1.76.jar:/Users/kabelomodipa/.m2/repository/org/bouncycastle/bcprov-jdk18on/1.76/bcprov-jdk18on-1.76.jar:/Users/kabelomodipa/.m2/repository/org/bouncycastle/bcutil-jdk18on/1.76/bcutil-jdk18on-1.76.jar:/Users/kabelomodipa/.m2/repository/org/slf4j/jcl-over-slf4j/1.7.30/jcl-over-slf4j-1.7.30.jar:/Users/kabelomodipa/.m2/repository/com/github/docker-java/docker-java-transport-httpclient5/3.3.4/docker-java-transport-httpclient5-3.3.4.jar:/Users/kabelomodipa/.m2/repository/com/github/docker-java/docker-java-transport/3.3.4/docker-java-transport-3.3.4.jar:/Users/kabelomodipa/.m2/repository/net/java/dev/jna/jna/5.13.0/jna-5.13.0.jar:/Users/kabelomodipa/.m2/repository/org/brotli/dec/0.1.2/dec-0.1.2.jar:/Users/kabelomodipa/.m2/repository/org/apache/commons/commons-lang3/3.14.0/commons-lang3-3.14.0.jar:/Users/kabelomodipa/.m2/repository/org/apache/commons/commons-compress/1.25.0/commons-compress-1.25.0.jar:/Users/kabelomodipa/.m2/repository/org/apache/httpcomponents/client5/httpclient5/5.2.1/httpclient5-5.2.1.jar:/Users/kabelomodipa/.m2/repository/org/apache/httpcomponents/core5/httpcore5/5.2/httpcore5-5.2.jar:/Users/kabelomodipa/.m2/repository/org/apache/httpcomponents/core5/httpcore5-h2/5.2/httpcore5-h2-5.2.jar:/Users/kabelomodipa/.m2/repository/io/rest-assured/rest-assured/5.4.0/rest-assured-5.4.0.jar:/Users/kabelomodipa/.m2/repository/org/apache/groovy/groovy/4.0.16/groovy-4.0.16.jar:/Users/kabelomodipa/.m2/repository/org/apache/groovy/groovy-xml/4.0.16/groovy-xml-4.0.16.jar:/Users/kabelomodipa/.m2/repository/org/apache/httpcomponents/httpclient/4.5.13/httpclient-4.5.13.jar:/Users/kabelomodipa/.m2/repository/org/apache/httpcomponents/httpcore/4.4.13/httpcore-4.4.13.jar:/Users/kabelomodipa/.m2/repository/commons-logging/commons-logging/1.2/commons-logging-1.2.jar:/Users/kabelomodipa/.m2/repository/commons-codec/commons-codec/1.11/commons-codec-1.11.jar:/Users/kabelomodipa/.m2/repository/org/apache/httpcomponents/httpmime/4.5.13/httpmime-4.5.13.jar:/Users/kabelomodipa/.m2/repository/org/hamcrest/hamcrest/2.2/hamcrest-2.2.jar:/Users/kabelomodipa/.m2/repository/org/ccil/cowan/tagsoup/tagsoup/1.2.1/tagsoup-1.2.1.jar:/Users/kabelomodipa/.m2/repository/io/rest-assured/json-path/5.4.0/json-path-5.4.0.jar:/Users/kabelomodipa/.m2/repository/org/apache/groovy/groovy-json/4.0.16/groovy-json-4.0.16.jar:/Users/kabelomodipa/.m2/repository/io/rest-assured/rest-assured-common/5.4.0/rest-assured-common-5.4.0.jar:/Users/kabelomodipa/.m2/repository/io/rest-assured/xml-path/5.4.0/xml-path-5.4.0.jar:/Users/kabelomodipa/.m2/repository/org/junit/jupiter/junit-jupiter-api/5.10.0/junit-jupiter-api-5.10.0.jar:/Users/kabelomodipa/.m2/repository/org/opentest4j/opentest4j/1.3.0/opentest4j-1.3.0.jar:/Users/kabelomodipa/.m2/repository/org/junit/platform/junit-platform-commons/1.10.0/junit-platform-commons-1.10.0.jar:/Users/kabelomodipa/.m2/repository/org/junit/jupiter/junit-jupiter-engine/5.10.0/junit-jupiter-engine-5.10.0.jar:/Users/kabelomodipa/.m2/repository/org/junit/platform/junit-platform-engine/1.10.0/junit-platform-engine-1.10.0.jar:/Users/kabelomodipa/.m2/repository/com/github/tomakehurst/wiremock-jre8/2.35.0/wiremock-jre8-2.35.0.jar:/Users/kabelomodipa/.m2/repository/org/eclipse/jetty/jetty-server/9.4.49.v20220914/jetty-server-9.4.49.v20220914.jar:/Users/kabelomodipa/.m2/repository/javax/servlet/javax.servlet-api/3.1.0/javax.servlet-api-3.1.0.jar:/Users/kabelomodipa/.m2/repository/org/eclipse/jetty/jetty-http/9.4.49.v20220914/jetty-http-9.4.49.v20220914.jar:/Users/kabelomodipa/.m2/repository/org/eclipse/jetty/jetty-io/9.4.49.v20220914/jetty-io-9.4.49.v20220914.jar:/Users/kabelomodipa/.m2/repository/org/eclipse/jetty/jetty-servlet/9.4.49.v20220914/jetty-servlet-9.4.49.v20220914.jar:/Users/kabelomodipa/.m2/repository/org/eclipse/jetty/jetty-security/9.4.49.v20220914/jetty-security-9.4.49.v20220914.jar:/Users/kabelomodipa/.m2/repository/org/eclipse/jetty/jetty-util-ajax/9.4.49.v20220914/jetty-util-ajax-9.4.49.v20220914.jar:/Users/kabelomodipa/.m2/repository/org/eclipse/jetty/jetty-servlets/9.4.49.v20220914/jetty-servlets-9.4.49.v20220914.jar:/Users/kabelomodipa/.m2/repository/org/eclipse/jetty/jetty-continuation/9.4.49.v20220914/jetty-continuation-9.4.49.v20220914.jar:/Users/kabelomodipa/.m2/repository/org/eclipse/jetty/jetty-util/9.4.49.v20220914/jetty-util-9.4.49.v20220914.jar:/Users/kabelomodipa/.m2/repository/org/eclipse/jetty/jetty-webapp/9.4.49.v20220914/jetty-webapp-9.4.49.v20220914.jar:/Users/kabelomodipa/.m2/repository/org/eclipse/jetty/jetty-xml/9.4.49.v20220914/jetty-xml-9.4.49.v20220914.jar:/Users/kabelomodipa/.m2/repository/org/eclipse/jetty/jetty-proxy/9.4.49.v20220914/jetty-proxy-9.4.49.v20220914.jar:/Users/kabelomodipa/.m2/repository/org/eclipse/jetty/jetty-client/9.4.49.v20220914/jetty-client-9.4.49.v20220914.jar:/Users/kabelomodipa/.m2/repository/org/eclipse/jetty/http2/http2-server/9.4.49.v20220914/http2-server-9.4.49.v20220914.jar:/Users/kabelomodipa/.m2/repository/org/eclipse/jetty/http2/http2-common/9.4.49.v20220914/http2-common-9.4.49.v20220914.jar:/Users/kabelomodipa/.m2/repository/org/eclipse/jetty/http2/http2-hpack/9.4.49.v20220914/http2-hpack-9.4.49.v20220914.jar:/Users/kabelomodipa/.m2/repository/org/eclipse/jetty/jetty-alpn-server/9.4.49.v20220914/jetty-alpn-server-9.4.49.v20220914.jar:/Users/kabelomodipa/.m2/repository/org/eclipse/jetty/jetty-alpn-java-server/9.4.49.v20220914/jetty-alpn-java-server-9.4.49.v20220914.jar:/Users/kabelomodipa/.m2/repository/org/eclipse/jetty/jetty-alpn-openjdk8-server/9.4.49.v20220914/jetty-alpn-openjdk8-server-9.4.49.v20220914.jar:/Users/kabelomodipa/.m2/repository/org/eclipse/jetty/jetty-alpn-java-client/9.4.49.v20220914/jetty-alpn-java-client-9.4.49.v20220914.jar:/Users/kabelomodipa/.m2/repository/org/eclipse/jetty/jetty-alpn-client/9.4.49.v20220914/jetty-alpn-client-9.4.49.v20220914.jar:/Users/kabelomodipa/.m2/repository/org/eclipse/jetty/jetty-alpn-openjdk8-client/9.4.49.v20220914/jetty-alpn-openjdk8-client-9.4.49.v20220914.jar:/Users/kabelomodipa/.m2/repository/com/google/guava/guava/31.1-jre/guava-31.1-jre.jar:/Users/kabelomodipa/.m2/repository/com/google/guava/failureaccess/1.0.1/failureaccess-1.0.1.jar:/Users/kabelomodipa/.m2/repository/com/google/guava/listenablefuture/9999.0-empty-to-avoid-conflict-with-guava/listenablefuture-9999.0-empty-to-avoid-conflict-with-guava.jar:/Users/kabelomodipa/.m2/repository/com/google/code/findbugs/jsr305/3.0.2/jsr305-3.0.2.jar:/Users/kabelomodipa/.m2/repository/org/checkerframework/checker-qual/3.12.0/checker-qual-3.12.0.jar:/Users/kabelomodipa/.m2/repository/com/google/errorprone/error_prone_annotations/2.11.0/error_prone_annotations-2.11.0.jar:/Users/kabelomodipa/.m2/repository/com/google/j2objc/j2objc-annotations/1.3/j2objc-annotations-1.3.jar:/Users/kabelomodipa/.m2/repository/com/fasterxml/jackson/core/jackson-core/2.13.4/jackson-core-2.13.4.jar:/Users/kabelomodipa/.m2/repository/com/fasterxml/jackson/core/jackson-annotations/2.13.4/jackson-annotations-2.13.4.jar:/Users/kabelomodipa/.m2/repository/com/fasterxml/jackson/core/jackson-databind/2.13.4.2/jackson-databind-2.13.4.2.jar:/Users/kabelomodipa/.m2/repository/org/xmlunit/xmlunit-core/2.9.0/xmlunit-core-2.9.0.jar:/Users/kabelomodipa/.m2/repository/jakarta/xml/bind/jakarta.xml.bind-api/2.3.3/jakarta.xml.bind-api-2.3.3.jar:/Users/kabelomodipa/.m2/repository/jakarta/activation/jakarta.activation-api/1.2.2/jakarta.activation-api-1.2.2.jar:/Users/kabelomodipa/.m2/repository/org/xmlunit/xmlunit-legacy/2.9.0/xmlunit-legacy-2.9.0.jar:/Users/kabelomodipa/.m2/repository/org/xmlunit/xmlunit-placeholders/2.9.0/xmlunit-placeholders-2.9.0.jar:/Users/kabelomodipa/.m2/repository/net/javacrumbs/json-unit/json-unit-core/2.36.0/json-unit-core-2.36.0.jar:/Users/kabelomodipa/.m2/repository/org/hamcrest/hamcrest-core/2.2/hamcrest-core-2.2.jar:/Users/kabelomodipa/.m2/repository/com/jayway/jsonpath/json-path/2.7.0/json-path-2.7.0.jar:/Users/kabelomodipa/.m2/repository/net/minidev/json-smart/2.4.7/json-smart-2.4.7.jar:/Users/kabelomodipa/.m2/repository/net/minidev/accessors-smart/2.4.7/accessors-smart-2.4.7.jar:/Users/kabelomodipa/.m2/repository/org/ow2/asm/asm/9.4/asm-9.4.jar:/Users/kabelomodipa/.m2/repository/net/sf/jopt-simple/jopt-simple/5.0.4/jopt-simple-5.0.4.jar:/Users/kabelomodipa/.m2/repository/com/github/jknack/handlebars/4.3.1/handlebars-4.3.1.jar:/Users/kabelomodipa/.m2/repository/com/github/jknack/handlebars-helpers/4.3.1/handlebars-helpers-4.3.1.jar:/Users/kabelomodipa/.m2/repository/commons-fileupload/commons-fileupload/1.4/commons-fileupload-1.4.jar:/Users/kabelomodipa/.m2/repository/io/gatling/highcharts/gatling-charts-highcharts/3.9.3/gatling-charts-highcharts-3.9.3.jar:/Users/kabelomodipa/.m2/repository/org/scala-lang/scala-library/2.13.10/scala-library-2.13.10.jar:/Users/kabelomodipa/.m2/repository/io/gatling/gatling-app/3.9.3/gatling-app-3.9.3.jar:/Users/kabelomodipa/.m2/repository/io/gatling/gatling-core/3.9.3/gatling-core-3.9.3.jar:/Users/kabelomodipa/.m2/repository/io/gatling/gatling-netty-util/3.9.3/gatling-netty-util-3.9.3.jar:/Users/kabelomodipa/.m2/repository/io/gatling/gatling-jdk-util/3.9.3/gatling-jdk-util-3.9.3.jar:/Users/kabelomodipa/.m2/repository/io/netty/incubator/netty-incubator-transport-native-io_uring/0.0.19.Final/netty-incubator-transport-native-io_uring-0.0.19.Final-linux-x86_64.jar:/Users/kabelomodipa/.m2/repository/io/netty/incubator/netty-incubator-transport-classes-io_uring/0.0.19.Final/netty-incubator-transport-classes-io_uring-0.0.19.Final.jar:/Users/kabelomodipa/.m2/repository/io/netty/incubator/netty-incubator-transport-native-io_uring/0.0.19.Final/netty-incubator-transport-native-io_uring-0.0.19.Final-linux-aarch_64.jar:/Users/kabelomodipa/.m2/repository/io/gatling/gatling-commons/3.9.3/gatling-commons-3.9.3.jar:/Users/kabelomodipa/.m2/repository/io/gatling/gatling-commons-shared/3.9.3/gatling-commons-shared-3.9.3.jar:/Users/kabelomodipa/.m2/repository/org/scala-lang/scala-reflect/2.13.10/scala-reflect-2.13.10.jar:/Users/kabelomodipa/.m2/repository/io/suzaku/boopickle_2.13/1.3.3/boopickle_2.13-1.3.3.jar:/Users/kabelomodipa/.m2/repository/io/gatling/gatling-commons-shared-unstable/3.9.3/gatling-commons-shared-unstable-3.9.3.jar:/Users/kabelomodipa/.m2/repository/org/typelevel/spire-macros_2.13/0.17.0/spire-macros_2.13-0.17.0.jar:/Users/kabelomodipa/.m2/repository/com/typesafe/scala-logging/scala-logging_2.13/3.9.5/scala-logging_2.13-3.9.5.jar:/Users/kabelomodipa/.m2/repository/ch/qos/logback/logback-classic/1.2.12/logback-classic-1.2.12.jar:/Users/kabelomodipa/.m2/repository/ch/qos/logback/logback-core/1.2.12/logback-core-1.2.12.jar:/Users/kabelomodipa/.m2/repository/io/gatling/gatling-jsonpath/3.9.3/gatling-jsonpath-3.9.3.jar:/Users/kabelomodipa/.m2/repository/com/typesafe/akka/akka-slf4j_2.13/2.6.20/akka-slf4j_2.13-2.6.20.jar:/Users/kabelomodipa/.m2/repository/org/simpleflatmapper/lightning-csv/8.2.3/lightning-csv-8.2.3.jar:/Users/kabelomodipa/.m2/repository/org/simpleflatmapper/sfm-util/8.2.3/sfm-util-8.2.3.jar:/Users/kabelomodipa/.m2/repository/com/github/ben-manes/caffeine/caffeine/2.9.3/caffeine-2.9.3.jar:/Users/kabelomodipa/.m2/repository/io/pebbletemplates/pebble/3.2.0/pebble-3.2.0.jar:/Users/kabelomodipa/.m2/repository/org/unbescape/unbescape/1.1.6.RELEASE/unbescape-1.1.6.RELEASE.jar:/Users/kabelomodipa/.m2/repository/org/scala-lang/modules/scala-parser-combinators_2.13/2.2.0/scala-parser-combinators_2.13-2.2.0.jar:/Users/kabelomodipa/.m2/repository/com/github/scopt/scopt_2.13/3.7.1/scopt_2.13-3.7.1.jar:/Users/kabelomodipa/.m2/repository/io/netty/netty-tcnative-classes/2.0.59.Final/netty-tcnative-classes-2.0.59.Final.jar:/Users/kabelomodipa/.m2/repository/com/softwaremill/quicklens/quicklens_2.13/1.9.0/quicklens_2.13-1.9.0.jar:/Users/kabelomodipa/.m2/repository/net/sf/saxon/Saxon-HE/10.6/Saxon-HE-10.6.jar:/Users/kabelomodipa/.m2/repository/org/jodd/jodd-lagarto/6.0.6/jodd-lagarto-6.0.6.jar:/Users/kabelomodipa/.m2/repository/org/jodd/jodd-util/6.1.0/jodd-util-6.1.0.jar:/Users/kabelomodipa/.m2/repository/io/burt/jmespath-jackson/0.5.1/jmespath-jackson-0.5.1.jar:/Users/kabelomodipa/.m2/repository/io/burt/jmespath-core/0.5.1/jmespath-core-0.5.1.jar:/Users/kabelomodipa/.m2/repository/io/gatling/gatling-core-java/3.9.3/gatling-core-java-3.9.3.jar:/Users/kabelomodipa/.m2/repository/net/jodah/typetools/0.6.3/typetools-0.6.3.jar:/Users/kabelomodipa/.m2/repository/io/gatling/gatling-http/3.9.3/gatling-http-3.9.3.jar:/Users/kabelomodipa/.m2/repository/io/gatling/gatling-http-client/3.9.3/gatling-http-client-3.9.3.jar:/Users/kabelomodipa/.m2/repository/io/netty/netty-resolver-dns/4.1.90.Final/netty-resolver-dns-4.1.90.Final.jar:/Users/kabelomodipa/.m2/repository/io/netty/netty-codec-dns/4.1.90.Final/netty-codec-dns-4.1.90.Final.jar:/Users/kabelomodipa/.m2/repository/io/netty/netty-codec-http2/4.1.90.Final/netty-codec-http2-4.1.90.Final.jar:/Users/kabelomodipa/.m2/repository/io/netty/netty-resolver-dns-native-macos/4.1.90.Final/netty-resolver-dns-native-macos-4.1.90.Final-osx-x86_64.jar:/Users/kabelomodipa/.m2/repository/io/netty/netty-resolver-dns-classes-macos/4.1.90.Final/netty-resolver-dns-classes-macos-4.1.90.Final.jar:/Users/kabelomodipa/.m2/repository/io/netty/netty-resolver-dns-native-macos/4.1.90.Final/netty-resolver-dns-native-macos-4.1.90.Final-osx-aarch_64.jar:/Users/kabelomodipa/.m2/repository/io/netty/netty-tcnative-boringssl-static/2.0.59.Final/netty-tcnative-boringssl-static-2.0.59.Final.jar:/Users/kabelomodipa/.m2/repository/io/netty/netty-tcnative-boringssl-static/2.0.59.Final/netty-tcnative-boringssl-static-2.0.59.Final-linux-x86_64.jar:/Users/kabelomodipa/.m2/repository/io/netty/netty-tcnative-boringssl-static/2.0.59.Final/netty-tcnative-boringssl-static-2.0.59.Final-linux-aarch_64.jar:/Users/kabelomodipa/.m2/repository/io/netty/netty-tcnative-boringssl-static/2.0.59.Final/netty-tcnative-boringssl-static-2.0.59.Final-osx-x86_64.jar:/Users/kabelomodipa/.m2/repository/io/netty/netty-tcnative-boringssl-static/2.0.59.Final/netty-tcnative-boringssl-static-2.0.59.Final-osx-aarch_64.jar:/Users/kabelomodipa/.m2/repository/io/netty/netty-tcnative-boringssl-static/2.0.59.Final/netty-tcnative-boringssl-static-2.0.59.Final-windows-x86_64.jar:/Users/kabelomodipa/.m2/repository/com/aayushatharva/brotli4j/brotli4j/1.11.0/brotli4j-1.11.0.jar:/Users/kabelomodipa/.m2/repository/com/aayushatharva/brotli4j/service/1.11.0/service-1.11.0.jar:/Users/kabelomodipa/.m2/repository/com/aayushatharva/brotli4j/native-linux-x86_64/1.11.0/native-linux-x86_64-1.11.0.jar:/Users/kabelomodipa/.m2/repository/com/aayushatharva/brotli4j/native-linux-aarch64/1.11.0/native-linux-aarch64-1.11.0.jar:/Users/kabelomodipa/.m2/repository/com/aayushatharva/brotli4j/native-osx-x86_64/1.11.0/native-osx-x86_64-1.11.0.jar:/Users/kabelomodipa/.m2/repository/com/aayushatharva/brotli4j/native-osx-aarch64/1.11.0/native-osx-aarch64-1.11.0.jar:/Users/kabelomodipa/.m2/repository/com/aayushatharva/brotli4j/native-windows-x86_64/1.11.0/native-windows-x86_64-1.11.0.jar:/Users/kabelomodipa/.m2/repository/io/gatling/gatling-http-java/3.9.3/gatling-http-java-3.9.3.jar:/Users/kabelomodipa/.m2/repository/io/gatling/gatling-jms/3.9.3/gatling-jms-3.9.3.jar:/Users/kabelomodipa/.m2/repository/javax/jms/javax.jms-api/2.0.1/javax.jms-api-2.0.1.jar:/Users/kabelomodipa/.m2/repository/com/eatthepath/fast-uuid/0.2.0/fast-uuid-0.2.0.jar:/Users/kabelomodipa/.m2/repository/io/gatling/gatling-jms-java/3.9.3/gatling-jms-java-3.9.3.jar:/Users/kabelomodipa/.m2/repository/io/gatling/gatling-mqtt/3.9.3/gatling-mqtt-3.9.3.jar:/Users/kabelomodipa/.m2/repository/io/netty/netty-codec-mqtt/4.1.90.Final/netty-codec-mqtt-4.1.90.Final.jar:/Users/kabelomodipa/.m2/repository/io/netty/netty-transport-native-epoll/4.1.90.Final/netty-transport-native-epoll-4.1.90.Final-linux-aarch_64.jar:/Users/kabelomodipa/.m2/repository/io/netty/netty-transport-classes-epoll/4.1.90.Final/netty-transport-classes-epoll-4.1.90.Final.jar:/Users/kabelomodipa/.m2/repository/io/gatling/gatling-mqtt-java/3.9.3/gatling-mqtt-java-3.9.3.jar:/Users/kabelomodipa/.m2/repository/io/gatling/gatling-jdbc/3.9.3/gatling-jdbc-3.9.3.jar:/Users/kabelomodipa/.m2/repository/io/gatling/gatling-jdbc-java/3.9.3/gatling-jdbc-java-3.9.3.jar:/Users/kabelomodipa/.m2/repository/io/gatling/gatling-redis/3.9.3/gatling-redis-3.9.3.jar:/Users/kabelomodipa/.m2/repository/net/debasishg/redisclient_2.13/3.42/redisclient_2.13-3.42.jar:/Users/kabelomodipa/.m2/repository/org/apache/commons/commons-pool2/2.8.0/commons-pool2-2.8.0.jar:/Users/kabelomodipa/.m2/repository/io/gatling/gatling-redis-java/3.9.3/gatling-redis-java-3.9.3.jar:/Users/kabelomodipa/.m2/repository/io/gatling/gatling-graphite/3.9.3/gatling-graphite-3.9.3.jar:/Users/kabelomodipa/.m2/repository/org/hdrhistogram/HdrHistogram/2.1.12/HdrHistogram-2.1.12.jar:/Users/kabelomodipa/.m2/repository/io/gatling/gatling-charts/3.9.3/gatling-charts-3.9.3.jar:/Users/kabelomodipa/.m2/repository/com/tdunning/t-digest/3.1/t-digest-3.1.jar:/Users/kabelomodipa/.m2/repository/io/gatling/gatling-recorder/3.9.3/gatling-recorder-3.9.3.jar:/Users/kabelomodipa/.m2/repository/org/scala-lang/modules/scala-swing_2.13/3.0.0/scala-swing_2.13-3.0.0.jar:/Users/kabelomodipa/.m2/repository/io/gatling/gatling-recorder-bc-shaded/1.72/gatling-recorder-bc-shaded-1.72.jar:/Users/kabelomodipa/.m2/repository/com/typesafe/akka/akka-actor_2.13/2.6.20/akka-actor_2.13-2.6.20.jar:/Users/kabelomodipa/.m2/repository/com/typesafe/config/1.4.2/config-1.4.2.jar:/Users/kabelomodipa/.m2/repository/org/scala-lang/modules/scala-java8-compat_2.13/1.0.0/scala-java8-compat_2.13-1.0.0.jar:/Users/kabelomodipa/.m2/repository/io/gatling/gatling-test-framework/3.9.3/gatling-test-framework-3.9.3.jar:/Users/kabelomodipa/.m2/repository/org/scala-sbt/test-interface/1.0/test-interface-1.0.jar:/Users/kabelomodipa/.m2/repository/org/slf4j/slf4j-simple/2.0.9/slf4j-simple-2.0.9.jar:/Users/kabelomodipa/.m2/repository/org/assertj/assertj-core/3.24.2/assertj-core-3.24.2.jar:/Users/kabelomodipa/.m2/repository/net/bytebuddy/byte-buddy/1.12.21/byte-buddy-1.12.21.jar:"/>
    <property name="java.vm.vendor" value="Homebrew"/>
    <property name="sun.arch.data.model" value="64"/>
    <property name="java.vendor.url" value="https://github.com/Homebrew/homebrew-core/issues"/>
    <property name="user.timezone" value="Africa/Johannesburg"/>
    <property name="os.name" value="Mac OS X"/>
    <property name="java.vm.specification.version" value="23"/>
    <property name="user.country" value="ZA"/>
    <property name="sun.java.launcher" value="SUN_STANDARD"/>
    <property name="sun.boot.library.path" value="/opt/homebrew/Cellar/openjdk/23.0.2/libexec/openjdk.jdk/Contents/Home/lib"/>
    <property name="sun.java.command" value="/Users/kabelomodipa/Documents/GitHub/absa-techinical-assessment/target/surefire/surefirebooter6627328316972718257.jar /Users/kabelomodipa/Documents/GitHub/absa-techinical-assessment/target/surefire 2025-04-22T08-18-55_731-jvmRun1 surefire11053711654507217453tmp surefire_05643386718532579989tmp"/>
    <property name="http.nonProxyHosts" value="local|*.local|169.254/16|*.169.254/16"/>
    <property name="jdk.debug" value="release"/>
    <property name="test" value="com.absa.api.PetfinderRealTest#fetchTypes_andVerifyDogExists"/>
    <property name="surefire.test.class.path" value="/Users/kabelomodipa/Documents/GitHub/absa-techinical-assessment/target/test-classes:/Users/kabelomodipa/Documents/GitHub/absa-techinical-assessment/target/classes:/Users/kabelomodipa/.m2/repository/org/seleniumhq/selenium/selenium-java/4.1.0/selenium-java-4.1.0.jar:/Users/kabelomodipa/.m2/repository/org/seleniumhq/selenium/selenium-api/4.1.0/selenium-api-4.1.0.jar:/Users/kabelomodipa/.m2/repository/org/seleniumhq/selenium/selenium-chrome-driver/4.1.0/selenium-chrome-driver-4.1.0.jar:/Users/kabelomodipa/.m2/repository/com/google/auto/service/auto-service-annotations/1.0.1/auto-service-annotations-1.0.1.jar:/Users/kabelomodipa/.m2/repository/com/google/auto/service/auto-service/1.0.1/auto-service-1.0.1.jar:/Users/kabelomodipa/.m2/repository/com/google/auto/auto-common/1.2/auto-common-1.2.jar:/Users/kabelomodipa/.m2/repository/org/seleniumhq/selenium/selenium-chromium-driver/4.1.0/selenium-chromium-driver-4.1.0.jar:/Users/kabelomodipa/.m2/repository/org/seleniumhq/selenium/selenium-json/4.1.0/selenium-json-4.1.0.jar:/Users/kabelomodipa/.m2/repository/org/seleniumhq/selenium/selenium-devtools-v85/4.1.0/selenium-devtools-v85-4.1.0.jar:/Users/kabelomodipa/.m2/repository/org/seleniumhq/selenium/selenium-devtools-v94/4.1.0/selenium-devtools-v94-4.1.0.jar:/Users/kabelomodipa/.m2/repository/org/seleniumhq/selenium/selenium-devtools-v95/4.1.0/selenium-devtools-v95-4.1.0.jar:/Users/kabelomodipa/.m2/repository/org/seleniumhq/selenium/selenium-devtools-v96/4.1.0/selenium-devtools-v96-4.1.0.jar:/Users/kabelomodipa/.m2/repository/org/seleniumhq/selenium/selenium-edge-driver/4.1.0/selenium-edge-driver-4.1.0.jar:/Users/kabelomodipa/.m2/repository/org/seleniumhq/selenium/selenium-firefox-driver/4.1.0/selenium-firefox-driver-4.1.0.jar:/Users/kabelomodipa/.m2/repository/org/seleniumhq/selenium/selenium-firefox-xpi-driver/4.1.0/selenium-firefox-xpi-driver-4.1.0.jar:/Users/kabelomodipa/.m2/repository/org/seleniumhq/selenium/selenium-ie-driver/4.1.0/selenium-ie-driver-4.1.0.jar:/Users/kabelomodipa/.m2/repository/org/seleniumhq/selenium/selenium-opera-driver/4.1.0/selenium-opera-driver-4.1.0.jar:/Users/kabelomodipa/.m2/repository/org/seleniumhq/selenium/selenium-remote-driver/4.1.0/selenium-remote-driver-4.1.0.jar:/Users/kabelomodipa/.m2/repository/io/netty/netty-buffer/4.1.69.Final/netty-buffer-4.1.69.Final.jar:/Users/kabelomodipa/.m2/repository/io/netty/netty-codec-http/4.1.69.Final/netty-codec-http-4.1.69.Final.jar:/Users/kabelomodipa/.m2/repository/io/netty/netty-codec/4.1.69.Final/netty-codec-4.1.69.Final.jar:/Users/kabelomodipa/.m2/repository/io/netty/netty-handler/4.1.69.Final/netty-handler-4.1.69.Final.jar:/Users/kabelomodipa/.m2/repository/io/netty/netty-common/4.1.69.Final/netty-common-4.1.69.Final.jar:/Users/kabelomodipa/.m2/repository/io/netty/netty-transport-native-epoll/4.1.69.Final/netty-transport-native-epoll-4.1.69.Final.jar:/Users/kabelomodipa/.m2/repository/io/netty/netty-transport-native-kqueue/4.1.69.Final/netty-transport-native-kqueue-4.1.69.Final.jar:/Users/kabelomodipa/.m2/repository/io/netty/netty-transport-native-unix-common/4.1.69.Final/netty-transport-native-unix-common-4.1.69.Final.jar:/Users/kabelomodipa/.m2/repository/io/netty/netty-transport/4.1.69.Final/netty-transport-4.1.69.Final.jar:/Users/kabelomodipa/.m2/repository/io/netty/netty-resolver/4.1.69.Final/netty-resolver-4.1.69.Final.jar:/Users/kabelomodipa/.m2/repository/io/opentelemetry/opentelemetry-api/1.9.0/opentelemetry-api-1.9.0.jar:/Users/kabelomodipa/.m2/repository/io/opentelemetry/opentelemetry-context/1.9.0/opentelemetry-context-1.9.0.jar:/Users/kabelomodipa/.m2/repository/io/opentelemetry/opentelemetry-exporter-logging/1.9.0/opentelemetry-exporter-logging-1.9.0.jar:/Users/kabelomodipa/.m2/repository/io/opentelemetry/opentelemetry-sdk-metrics/1.9.0-alpha/opentelemetry-sdk-metrics-1.9.0-alpha.jar:/Users/kabelomodipa/.m2/repository/io/opentelemetry/opentelemetry-sdk-logs/1.9.0-alpha/opentelemetry-sdk-logs-1.9.0-alpha.jar:/Users/kabelomodipa/.m2/repository/io/opentelemetry/opentelemetry-sdk-common/1.9.0/opentelemetry-sdk-common-1.9.0.jar:/Users/kabelomodipa/.m2/repository/io/opentelemetry/opentelemetry-sdk-extension-autoconfigure-spi/1.9.0/opentelemetry-sdk-extension-autoconfigure-spi-1.9.0.jar:/Users/kabelomodipa/.m2/repository/io/opentelemetry/opentelemetry-sdk-extension-autoconfigure/1.9.0-alpha/opentelemetry-sdk-extension-autoconfigure-1.9.0-alpha.jar:/Users/kabelomodipa/.m2/repository/io/opentelemetry/opentelemetry-sdk-trace/1.9.0/opentelemetry-sdk-trace-1.9.0.jar:/Users/kabelomodipa/.m2/repository/io/opentelemetry/opentelemetry-api-metrics/1.9.0-alpha/opentelemetry-api-metrics-1.9.0-alpha.jar:/Users/kabelomodipa/.m2/repository/io/opentelemetry/opentelemetry-sdk/1.9.0/opentelemetry-sdk-1.9.0.jar:/Users/kabelomodipa/.m2/repository/io/opentelemetry/opentelemetry-semconv/1.9.0-alpha/opentelemetry-semconv-1.9.0-alpha.jar:/Users/kabelomodipa/.m2/repository/io/ous/jtoml/2.0.0/jtoml-2.0.0.jar:/Users/kabelomodipa/.m2/repository/org/apache/commons/commons-exec/1.3/commons-exec-1.3.jar:/Users/kabelomodipa/.m2/repository/org/asynchttpclient/async-http-client/2.12.3/async-http-client-2.12.3.jar:/Users/kabelomodipa/.m2/repository/org/asynchttpclient/async-http-client-netty-utils/2.12.3/async-http-client-netty-utils-2.12.3.jar:/Users/kabelomodipa/.m2/repository/io/netty/netty-codec-socks/4.1.60.Final/netty-codec-socks-4.1.60.Final.jar:/Users/kabelomodipa/.m2/repository/io/netty/netty-handler-proxy/4.1.60.Final/netty-handler-proxy-4.1.60.Final.jar:/Users/kabelomodipa/.m2/repository/io/netty/netty-transport-native-epoll/4.1.60.Final/netty-transport-native-epoll-4.1.60.Final-linux-x86_64.jar:/Users/kabelomodipa/.m2/repository/io/netty/netty-transport-native-kqueue/4.1.60.Final/netty-transport-native-kqueue-4.1.60.Final-osx-x86_64.jar:/Users/kabelomodipa/.m2/repository/org/reactivestreams/reactive-streams/1.0.3/reactive-streams-1.0.3.jar:/Users/kabelomodipa/.m2/repository/com/typesafe/netty/netty-reactive-streams/2.0.4/netty-reactive-streams-2.0.4.jar:/Users/kabelomodipa/.m2/repository/com/sun/activation/jakarta.activation/1.2.2/jakarta.activation-1.2.2.jar:/Users/kabelomodipa/.m2/repository/org/seleniumhq/selenium/selenium-http/4.1.0/selenium-http-4.1.0.jar:/Users/kabelomodipa/.m2/repository/net/jodah/failsafe/2.4.4/failsafe-2.4.4.jar:/Users/kabelomodipa/.m2/repository/org/seleniumhq/selenium/selenium-safari-driver/4.1.0/selenium-safari-driver-4.1.0.jar:/Users/kabelomodipa/.m2/repository/org/seleniumhq/selenium/selenium-support/4.1.0/selenium-support-4.1.0.jar:/Users/kabelomodipa/.m2/repository/commons-io/commons-io/2.11.0/commons-io-2.11.0.jar:/Users/kabelomodipa/.m2/repository/org/testng/testng/7.4.0/testng-7.4.0.jar:/Users/kabelomodipa/.m2/repository/com/beust/jcommander/1.78/jcommander-1.78.jar:/Users/kabelomodipa/.m2/repository/org/webjars/jquery/3.5.1/jquery-3.5.1.jar:/Users/kabelomodipa/.m2/repository/io/cucumber/cucumber-java/6.10.4/cucumber-java-6.10.4.jar:/Users/kabelomodipa/.m2/repository/io/cucumber/cucumber-core/6.10.4/cucumber-core-6.10.4.jar:/Users/kabelomodipa/.m2/repository/io/cucumber/cucumber-gherkin/6.10.4/cucumber-gherkin-6.10.4.jar:/Users/kabelomodipa/.m2/repository/io/cucumber/cucumber-gherkin-messages/6.10.4/cucumber-gherkin-messages-6.10.4.jar:/Users/kabelomodipa/.m2/repository/io/cucumber/messages/15.0.0/messages-15.0.0.jar:/Users/kabelomodipa/.m2/repository/io/cucumber/tag-expressions/3.0.1/tag-expressions-3.0.1.jar:/Users/kabelomodipa/.m2/repository/io/cucumber/cucumber-expressions/10.3.0/cucumber-expressions-10.3.0.jar:/Users/kabelomodipa/.m2/repository/io/cucumber/datatable/3.5.0/datatable-3.5.0.jar:/Users/kabelomodipa/.m2/repository/io/cucumber/cucumber-plugin/6.10.4/cucumber-plugin-6.10.4.jar:/Users/kabelomodipa/.m2/repository/io/cucumber/docstring/6.10.4/docstring-6.10.4.jar:/Users/kabelomodipa/.m2/repository/io/cucumber/html-formatter/13.0.0/html-formatter-13.0.0.jar:/Users/kabelomodipa/.m2/repository/io/cucumber/create-meta/4.0.0/create-meta-4.0.0.jar:/Users/kabelomodipa/.m2/repository/org/apiguardian/apiguardian-api/1.1.1/apiguardian-api-1.1.1.jar:/Users/kabelomodipa/.m2/repository/io/cucumber/cucumber-testng/6.10.4/cucumber-testng-6.10.4.jar:/Users/kabelomodipa/.m2/repository/io/github/bonigarcia/webdrivermanager/5.6.3/webdrivermanager-5.6.3.jar:/Users/kabelomodipa/.m2/repository/org/slf4j/slf4j-api/2.0.10/slf4j-api-2.0.10.jar:/Users/kabelomodipa/.m2/repository/com/google/code/gson/gson/2.10.1/gson-2.10.1.jar:/Users/kabelomodipa/.m2/repository/com/github/docker-java/docker-java/3.3.4/docker-java-3.3.4.jar:/Users/kabelomodipa/.m2/repository/com/github/docker-java/docker-java-core/3.3.4/docker-java-core-3.3.4.jar:/Users/kabelomodipa/.m2/repository/com/github/docker-java/docker-java-api/3.3.4/docker-java-api-3.3.4.jar:/Users/kabelomodipa/.m2/repository/org/bouncycastle/bcpkix-jdk18on/1.76/bcpkix-jdk18on-1.76.jar:/Users/kabelomodipa/.m2/repository/org/bouncycastle/bcprov-jdk18on/1.76/bcprov-jdk18on-1.76.jar:/Users/kabelomodipa/.m2/repository/org/bouncycastle/bcutil-jdk18on/1.76/bcutil-jdk18on-1.76.jar:/Users/kabelomodipa/.m2/repository/org/slf4j/jcl-over-slf4j/1.7.30/jcl-over-slf4j-1.7.30.jar:/Users/kabelomodipa/.m2/repository/com/github/docker-java/docker-java-transport-httpclient5/3.3.4/docker-java-transport-httpclient5-3.3.4.jar:/Users/kabelomodipa/.m2/repository/com/github/docker-java/docker-java-transport/3.3.4/docker-java-transport-3.3.4.jar:/Users/kabelomodipa/.m2/repository/net/java/dev/jna/jna/5.13.0/jna-5.13.0.jar:/Users/kabelomodipa/.m2/repository/org/brotli/dec/0.1.2/dec-0.1.2.jar:/Users/kabelomodipa/.m2/repository/org/apache/commons/commons-lang3/3.14.0/commons-lang3-3.14.0.jar:/Users/kabelomodipa/.m2/repository/org/apache/commons/commons-compress/1.25.0/commons-compress-1.25.0.jar:/Users/kabelomodipa/.m2/repository/org/apache/httpcomponents/client5/httpclient5/5.2.1/httpclient5-5.2.1.jar:/Users/kabelomodipa/.m2/repository/org/apache/httpcomponents/core5/httpcore5/5.2/httpcore5-5.2.jar:/Users/kabelomodipa/.m2/repository/org/apache/httpcomponents/core5/httpcore5-h2/5.2/httpcore5-h2-5.2.jar:/Users/kabelomodipa/.m2/repository/io/rest-assured/rest-assured/5.4.0/rest-assured-5.4.0.jar:/Users/kabelomodipa/.m2/repository/org/apache/groovy/groovy/4.0.16/groovy-4.0.16.jar:/Users/kabelomodipa/.m2/repository/org/apache/groovy/groovy-xml/4.0.16/groovy-xml-4.0.16.jar:/Users/kabelomodipa/.m2/repository/org/apache/httpcomponents/httpclient/4.5.13/httpclient-4.5.13.jar:/Users/kabelomodipa/.m2/repository/org/apache/httpcomponents/httpcore/4.4.13/httpcore-4.4.13.jar:/Users/kabelomodipa/.m2/repository/commons-logging/commons-logging/1.2/commons-logging-1.2.jar:/Users/kabelomodipa/.m2/repository/commons-codec/commons-codec/1.11/commons-codec-1.11.jar:/Users/kabelomodipa/.m2/repository/org/apache/httpcomponents/httpmime/4.5.13/httpmime-4.5.13.jar:/Users/kabelomodipa/.m2/repository/org/hamcrest/hamcrest/2.2/hamcrest-2.2.jar:/Users/kabelomodipa/.m2/repository/org/ccil/cowan/tagsoup/tagsoup/1.2.1/tagsoup-1.2.1.jar:/Users/kabelomodipa/.m2/repository/io/rest-assured/json-path/5.4.0/json-path-5.4.0.jar:/Users/kabelomodipa/.m2/repository/org/apache/groovy/groovy-json/4.0.16/groovy-json-4.0.16.jar:/Users/kabelomodipa/.m2/repository/io/rest-assured/rest-assured-common/5.4.0/rest-assured-common-5.4.0.jar:/Users/kabelomodipa/.m2/repository/io/rest-assured/xml-path/5.4.0/xml-path-5.4.0.jar:/Users/kabelomodipa/.m2/repository/org/junit/jupiter/junit-jupiter-api/5.10.0/junit-jupiter-api-5.10.0.jar:/Users/kabelomodipa/.m2/repository/org/opentest4j/opentest4j/1.3.0/opentest4j-1.3.0.jar:/Users/kabelomodipa/.m2/repository/org/junit/platform/junit-platform-commons/1.10.0/junit-platform-commons-1.10.0.jar:/Users/kabelomodipa/.m2/repository/org/junit/jupiter/junit-jupiter-engine/5.10.0/junit-jupiter-engine-5.10.0.jar:/Users/kabelomodipa/.m2/repository/org/junit/platform/junit-platform-engine/1.10.0/junit-platform-engine-1.10.0.jar:/Users/kabelomodipa/.m2/repository/com/github/tomakehurst/wiremock-jre8/2.35.0/wiremock-jre8-2.35.0.jar:/Users/kabelomodipa/.m2/repository/org/eclipse/jetty/jetty-server/9.4.49.v20220914/jetty-server-9.4.49.v20220914.jar:/Users/kabelomodipa/.m2/repository/javax/servlet/javax.servlet-api/3.1.0/javax.servlet-api-3.1.0.jar:/Users/kabelomodipa/.m2/repository/org/eclipse/jetty/jetty-http/9.4.49.v20220914/jetty-http-9.4.49.v20220914.jar:/Users/kabelomodipa/.m2/repository/org/eclipse/jetty/jetty-io/9.4.49.v20220914/jetty-io-9.4.49.v20220914.jar:/Users/kabelomodipa/.m2/repository/org/eclipse/jetty/jetty-servlet/9.4.49.v20220914/jetty-servlet-9.4.49.v20220914.jar:/Users/kabelomodipa/.m2/repository/org/eclipse/jetty/jetty-security/9.4.49.v20220914/jetty-security-9.4.49.v20220914.jar:/Users/kabelomodipa/.m2/repository/org/eclipse/jetty/jetty-util-ajax/9.4.49.v20220914/jetty-util-ajax-9.4.49.v20220914.jar:/Users/kabelomodipa/.m2/repository/org/eclipse/jetty/jetty-servlets/9.4.49.v20220914/jetty-servlets-9.4.49.v20220914.jar:/Users/kabelomodipa/.m2/repository/org/eclipse/jetty/jetty-continuation/9.4.49.v20220914/jetty-continuation-9.4.49.v20220914.jar:/Users/kabelomodipa/.m2/repository/org/eclipse/jetty/jetty-util/9.4.49.v20220914/jetty-util-9.4.49.v20220914.jar:/Users/kabelomodipa/.m2/repository/org/eclipse/jetty/jetty-webapp/9.4.49.v20220914/jetty-webapp-9.4.49.v20220914.jar:/Users/kabelomodipa/.m2/repository/org/eclipse/jetty/jetty-xml/9.4.49.v20220914/jetty-xml-9.4.49.v20220914.jar:/Users/kabelomodipa/.m2/repository/org/eclipse/jetty/jetty-proxy/9.4.49.v20220914/jetty-proxy-9.4.49.v20220914.jar:/Users/kabelomodipa/.m2/repository/org/eclipse/jetty/jetty-client/9.4.49.v20220914/jetty-client-9.4.49.v20220914.jar:/Users/kabelomodipa/.m2/repository/org/eclipse/jetty/http2/http2-server/9.4.49.v20220914/http2-server-9.4.49.v20220914.jar:/Users/kabelomodipa/.m2/repository/org/eclipse/jetty/http2/http2-common/9.4.49.v20220914/http2-common-9.4.49.v20220914.jar:/Users/kabelomodipa/.m2/repository/org/eclipse/jetty/http2/http2-hpack/9.4.49.v20220914/http2-hpack-9.4.49.v20220914.jar:/Users/kabelomodipa/.m2/repository/org/eclipse/jetty/jetty-alpn-server/9.4.49.v20220914/jetty-alpn-server-9.4.49.v20220914.jar:/Users/kabelomodipa/.m2/repository/org/eclipse/jetty/jetty-alpn-java-server/9.4.49.v20220914/jetty-alpn-java-server-9.4.49.v20220914.jar:/Users/kabelomodipa/.m2/repository/org/eclipse/jetty/jetty-alpn-openjdk8-server/9.4.49.v20220914/jetty-alpn-openjdk8-server-9.4.49.v20220914.jar:/Users/kabelomodipa/.m2/repository/org/eclipse/jetty/jetty-alpn-java-client/9.4.49.v20220914/jetty-alpn-java-client-9.4.49.v20220914.jar:/Users/kabelomodipa/.m2/repository/org/eclipse/jetty/jetty-alpn-client/9.4.49.v20220914/jetty-alpn-client-9.4.49.v20220914.jar:/Users/kabelomodipa/.m2/repository/org/eclipse/jetty/jetty-alpn-openjdk8-client/9.4.49.v20220914/jetty-alpn-openjdk8-client-9.4.49.v20220914.jar:/Users/kabelomodipa/.m2/repository/com/google/guava/guava/31.1-jre/guava-31.1-jre.jar:/Users/kabelomodipa/.m2/repository/com/google/guava/failureaccess/1.0.1/failureaccess-1.0.1.jar:/Users/kabelomodipa/.m2/repository/com/google/guava/listenablefuture/9999.0-empty-to-avoid-conflict-with-guava/listenablefuture-9999.0-empty-to-avoid-conflict-with-guava.jar:/Users/kabelomodipa/.m2/repository/com/google/code/findbugs/jsr305/3.0.2/jsr305-3.0.2.jar:/Users/kabelomodipa/.m2/repository/org/checkerframework/checker-qual/3.12.0/checker-qual-3.12.0.jar:/Users/kabelomodipa/.m2/repository/com/google/errorprone/error_prone_annotations/2.11.0/error_prone_annotations-2.11.0.jar:/Users/kabelomodipa/.m2/repository/com/google/j2objc/j2objc-annotations/1.3/j2objc-annotations-1.3.jar:/Users/kabelomodipa/.m2/repository/com/fasterxml/jackson/core/jackson-core/2.13.4/jackson-core-2.13.4.jar:/Users/kabelomodipa/.m2/repository/com/fasterxml/jackson/core/jackson-annotations/2.13.4/jackson-annotations-2.13.4.jar:/Users/kabelomodipa/.m2/repository/com/fasterxml/jackson/core/jackson-databind/2.13.4.2/jackson-databind-2.13.4.2.jar:/Users/kabelomodipa/.m2/repository/org/xmlunit/xmlunit-core/2.9.0/xmlunit-core-2.9.0.jar:/Users/kabelomodipa/.m2/repository/jakarta/xml/bind/jakarta.xml.bind-api/2.3.3/jakarta.xml.bind-api-2.3.3.jar:/Users/kabelomodipa/.m2/repository/jakarta/activation/jakarta.activation-api/1.2.2/jakarta.activation-api-1.2.2.jar:/Users/kabelomodipa/.m2/repository/org/xmlunit/xmlunit-legacy/2.9.0/xmlunit-legacy-2.9.0.jar:/Users/kabelomodipa/.m2/repository/org/xmlunit/xmlunit-placeholders/2.9.0/xmlunit-placeholders-2.9.0.jar:/Users/kabelomodipa/.m2/repository/net/javacrumbs/json-unit/json-unit-core/2.36.0/json-unit-core-2.36.0.jar:/Users/kabelomodipa/.m2/repository/org/hamcrest/hamcrest-core/2.2/hamcrest-core-2.2.jar:/Users/kabelomodipa/.m2/repository/com/jayway/jsonpath/json-path/2.7.0/json-path-2.7.0.jar:/Users/kabelomodipa/.m2/repository/net/minidev/json-smart/2.4.7/json-smart-2.4.7.jar:/Users/kabelomodipa/.m2/repository/net/minidev/accessors-smart/2.4.7/accessors-smart-2.4.7.jar:/Users/kabelomodipa/.m2/repository/org/ow2/asm/asm/9.4/asm-9.4.jar:/Users/kabelomodipa/.m2/repository/net/sf/jopt-simple/jopt-simple/5.0.4/jopt-simple-5.0.4.jar:/Users/kabelomodipa/.m2/repository/com/github/jknack/handlebars/4.3.1/handlebars-4.3.1.jar:/Users/kabelomodipa/.m2/repository/com/github/jknack/handlebars-helpers/4.3.1/handlebars-helpers-4.3.1.jar:/Users/kabelomodipa/.m2/repository/commons-fileupload/commons-fileupload/1.4/commons-fileupload-1.4.jar:/Users/kabelomodipa/.m2/repository/io/gatling/highcharts/gatling-charts-highcharts/3.9.3/gatling-charts-highcharts-3.9.3.jar:/Users/kabelomodipa/.m2/repository/org/scala-lang/scala-library/2.13.10/scala-library-2.13.10.jar:/Users/kabelomodipa/.m2/repository/io/gatling/gatling-app/3.9.3/gatling-app-3.9.3.jar:/Users/kabelomodipa/.m2/repository/io/gatling/gatling-core/3.9.3/gatling-core-3.9.3.jar:/Users/kabelomodipa/.m2/repository/io/gatling/gatling-netty-util/3.9.3/gatling-netty-util-3.9.3.jar:/Users/kabelomodipa/.m2/repository/io/gatling/gatling-jdk-util/3.9.3/gatling-jdk-util-3.9.3.jar:/Users/kabelomodipa/.m2/repository/io/netty/incubator/netty-incubator-transport-native-io_uring/0.0.19.Final/netty-incubator-transport-native-io_uring-0.0.19.Final-linux-x86_64.jar:/Users/kabelomodipa/.m2/repository/io/netty/incubator/netty-incubator-transport-classes-io_uring/0.0.19.Final/netty-incubator-transport-classes-io_uring-0.0.19.Final.jar:/Users/kabelomodipa/.m2/repository/io/netty/incubator/netty-incubator-transport-native-io_uring/0.0.19.Final/netty-incubator-transport-native-io_uring-0.0.19.Final-linux-aarch_64.jar:/Users/kabelomodipa/.m2/repository/io/gatling/gatling-commons/3.9.3/gatling-commons-3.9.3.jar:/Users/kabelomodipa/.m2/repository/io/gatling/gatling-commons-shared/3.9.3/gatling-commons-shared-3.9.3.jar:/Users/kabelomodipa/.m2/repository/org/scala-lang/scala-reflect/2.13.10/scala-reflect-2.13.10.jar:/Users/kabelomodipa/.m2/repository/io/suzaku/boopickle_2.13/1.3.3/boopickle_2.13-1.3.3.jar:/Users/kabelomodipa/.m2/repository/io/gatling/gatling-commons-shared-unstable/3.9.3/gatling-commons-shared-unstable-3.9.3.jar:/Users/kabelomodipa/.m2/repository/org/typelevel/spire-macros_2.13/0.17.0/spire-macros_2.13-0.17.0.jar:/Users/kabelomodipa/.m2/repository/com/typesafe/scala-logging/scala-logging_2.13/3.9.5/scala-logging_2.13-3.9.5.jar:/Users/kabelomodipa/.m2/repository/ch/qos/logback/logback-classic/1.2.12/logback-classic-1.2.12.jar:/Users/kabelomodipa/.m2/repository/ch/qos/logback/logback-core/1.2.12/logback-core-1.2.12.jar:/Users/kabelomodipa/.m2/repository/io/gatling/gatling-jsonpath/3.9.3/gatling-jsonpath-3.9.3.jar:/Users/kabelomodipa/.m2/repository/com/typesafe/akka/akka-slf4j_2.13/2.6.20/akka-slf4j_2.13-2.6.20.jar:/Users/kabelomodipa/.m2/repository/org/simpleflatmapper/lightning-csv/8.2.3/lightning-csv-8.2.3.jar:/Users/kabelomodipa/.m2/repository/org/simpleflatmapper/sfm-util/8.2.3/sfm-util-8.2.3.jar:/Users/kabelomodipa/.m2/repository/com/github/ben-manes/caffeine/caffeine/2.9.3/caffeine-2.9.3.jar:/Users/kabelomodipa/.m2/repository/io/pebbletemplates/pebble/3.2.0/pebble-3.2.0.jar:/Users/kabelomodipa/.m2/repository/org/unbescape/unbescape/1.1.6.RELEASE/unbescape-1.1.6.RELEASE.jar:/Users/kabelomodipa/.m2/repository/org/scala-lang/modules/scala-parser-combinators_2.13/2.2.0/scala-parser-combinators_2.13-2.2.0.jar:/Users/kabelomodipa/.m2/repository/com/github/scopt/scopt_2.13/3.7.1/scopt_2.13-3.7.1.jar:/Users/kabelomodipa/.m2/repository/io/netty/netty-tcnative-classes/2.0.59.Final/netty-tcnative-classes-2.0.59.Final.jar:/Users/kabelomodipa/.m2/repository/com/softwaremill/quicklens/quicklens_2.13/1.9.0/quicklens_2.13-1.9.0.jar:/Users/kabelomodipa/.m2/repository/net/sf/saxon/Saxon-HE/10.6/Saxon-HE-10.6.jar:/Users/kabelomodipa/.m2/repository/org/jodd/jodd-lagarto/6.0.6/jodd-lagarto-6.0.6.jar:/Users/kabelomodipa/.m2/repository/org/jodd/jodd-util/6.1.0/jodd-util-6.1.0.jar:/Users/kabelomodipa/.m2/repository/io/burt/jmespath-jackson/0.5.1/jmespath-jackson-0.5.1.jar:/Users/kabelomodipa/.m2/repository/io/burt/jmespath-core/0.5.1/jmespath-core-0.5.1.jar:/Users/kabelomodipa/.m2/repository/io/gatling/gatling-core-java/3.9.3/gatling-core-java-3.9.3.jar:/Users/kabelomodipa/.m2/repository/net/jodah/typetools/0.6.3/typetools-0.6.3.jar:/Users/kabelomodipa/.m2/repository/io/gatling/gatling-http/3.9.3/gatling-http-3.9.3.jar:/Users/kabelomodipa/.m2/repository/io/gatling/gatling-http-client/3.9.3/gatling-http-client-3.9.3.jar:/Users/kabelomodipa/.m2/repository/io/netty/netty-resolver-dns/4.1.90.Final/netty-resolver-dns-4.1.90.Final.jar:/Users/kabelomodipa/.m2/repository/io/netty/netty-codec-dns/4.1.90.Final/netty-codec-dns-4.1.90.Final.jar:/Users/kabelomodipa/.m2/repository/io/netty/netty-codec-http2/4.1.90.Final/netty-codec-http2-4.1.90.Final.jar:/Users/kabelomodipa/.m2/repository/io/netty/netty-resolver-dns-native-macos/4.1.90.Final/netty-resolver-dns-native-macos-4.1.90.Final-osx-x86_64.jar:/Users/kabelomodipa/.m2/repository/io/netty/netty-resolver-dns-classes-macos/4.1.90.Final/netty-resolver-dns-classes-macos-4.1.90.Final.jar:/Users/kabelomodipa/.m2/repository/io/netty/netty-resolver-dns-native-macos/4.1.90.Final/netty-resolver-dns-native-macos-4.1.90.Final-osx-aarch_64.jar:/Users/kabelomodipa/.m2/repository/io/netty/netty-tcnative-boringssl-static/2.0.59.Final/netty-tcnative-boringssl-static-2.0.59.Final.jar:/Users/kabelomodipa/.m2/repository/io/netty/netty-tcnative-boringssl-static/2.0.59.Final/netty-tcnative-boringssl-static-2.0.59.Final-linux-x86_64.jar:/Users/kabelomodipa/.m2/repository/io/netty/netty-tcnative-boringssl-static/2.0.59.Final/netty-tcnative-boringssl-static-2.0.59.Final-linux-aarch_64.jar:/Users/kabelomodipa/.m2/repository/io/netty/netty-tcnative-boringssl-static/2.0.59.Final/netty-tcnative-boringssl-static-2.0.59.Final-osx-x86_64.jar:/Users/kabelomodipa/.m2/repository/io/netty/netty-tcnative-boringssl-static/2.0.59.Final/netty-tcnative-boringssl-static-2.0.59.Final-osx-aarch_64.jar:/Users/kabelomodipa/.m2/repository/io/netty/netty-tcnative-boringssl-static/2.0.59.Final/netty-tcnative-boringssl-static-2.0.59.Final-windows-x86_64.jar:/Users/kabelomodipa/.m2/repository/com/aayushatharva/brotli4j/brotli4j/1.11.0/brotli4j-1.11.0.jar:/Users/kabelomodipa/.m2/repository/com/aayushatharva/brotli4j/service/1.11.0/service-1.11.0.jar:/Users/kabelomodipa/.m2/repository/com/aayushatharva/brotli4j/native-linux-x86_64/1.11.0/native-linux-x86_64-1.11.0.jar:/Users/kabelomodipa/.m2/repository/com/aayushatharva/brotli4j/native-linux-aarch64/1.11.0/native-linux-aarch64-1.11.0.jar:/Users/kabelomodipa/.m2/repository/com/aayushatharva/brotli4j/native-osx-x86_64/1.11.0/native-osx-x86_64-1.11.0.jar:/Users/kabelomodipa/.m2/repository/com/aayushatharva/brotli4j/native-osx-aarch64/1.11.0/native-osx-aarch64-1.11.0.jar:/Users/kabelomodipa/.m2/repository/com/aayushatharva/brotli4j/native-windows-x86_64/1.11.0/native-windows-x86_64-1.11.0.jar:/Users/kabelomodipa/.m2/repository/io/gatling/gatling-http-java/3.9.3/gatling-http-java-3.9.3.jar:/Users/kabelomodipa/.m2/repository/io/gatling/gatling-jms/3.9.3/gatling-jms-3.9.3.jar:/Users/kabelomodipa/.m2/repository/javax/jms/javax.jms-api/2.0.1/javax.jms-api-2.0.1.jar:/Users/kabelomodipa/.m2/repository/com/eatthepath/fast-uuid/0.2.0/fast-uuid-0.2.0.jar:/Users/kabelomodipa/.m2/repository/io/gatling/gatling-jms-java/3.9.3/gatling-jms-java-3.9.3.jar:/Users/kabelomodipa/.m2/repository/io/gatling/gatling-mqtt/3.9.3/gatling-mqtt-3.9.3.jar:/Users/kabelomodipa/.m2/repository/io/netty/netty-codec-mqtt/4.1.90.Final/netty-codec-mqtt-4.1.90.Final.jar:/Users/kabelomodipa/.m2/repository/io/netty/netty-transport-native-epoll/4.1.90.Final/netty-transport-native-epoll-4.1.90.Final-linux-aarch_64.jar:/Users/kabelomodipa/.m2/repository/io/netty/netty-transport-classes-epoll/4.1.90.Final/netty-transport-classes-epoll-4.1.90.Final.jar:/Users/kabelomodipa/.m2/repository/io/gatling/gatling-mqtt-java/3.9.3/gatling-mqtt-java-3.9.3.jar:/Users/kabelomodipa/.m2/repository/io/gatling/gatling-jdbc/3.9.3/gatling-jdbc-3.9.3.jar:/Users/kabelomodipa/.m2/repository/io/gatling/gatling-jdbc-java/3.9.3/gatling-jdbc-java-3.9.3.jar:/Users/kabelomodipa/.m2/repository/io/gatling/gatling-redis/3.9.3/gatling-redis-3.9.3.jar:/Users/kabelomodipa/.m2/repository/net/debasishg/redisclient_2.13/3.42/redisclient_2.13-3.42.jar:/Users/kabelomodipa/.m2/repository/org/apache/commons/commons-pool2/2.8.0/commons-pool2-2.8.0.jar:/Users/kabelomodipa/.m2/repository/io/gatling/gatling-redis-java/3.9.3/gatling-redis-java-3.9.3.jar:/Users/kabelomodipa/.m2/repository/io/gatling/gatling-graphite/3.9.3/gatling-graphite-3.9.3.jar:/Users/kabelomodipa/.m2/repository/org/hdrhistogram/HdrHistogram/2.1.12/HdrHistogram-2.1.12.jar:/Users/kabelomodipa/.m2/repository/io/gatling/gatling-charts/3.9.3/gatling-charts-3.9.3.jar:/Users/kabelomodipa/.m2/repository/com/tdunning/t-digest/3.1/t-digest-3.1.jar:/Users/kabelomodipa/.m2/repository/io/gatling/gatling-recorder/3.9.3/gatling-recorder-3.9.3.jar:/Users/kabelomodipa/.m2/repository/org/scala-lang/modules/scala-swing_2.13/3.0.0/scala-swing_2.13-3.0.0.jar:/Users/kabelomodipa/.m2/repository/io/gatling/gatling-recorder-bc-shaded/1.72/gatling-recorder-bc-shaded-1.72.jar:/Users/kabelomodipa/.m2/repository/com/typesafe/akka/akka-actor_2.13/2.6.20/akka-actor_2.13-2.6.20.jar:/Users/kabelomodipa/.m2/repository/com/typesafe/config/1.4.2/config-1.4.2.jar:/Users/kabelomodipa/.m2/repository/org/scala-lang/modules/scala-java8-compat_2.13/1.0.0/scala-java8-compat_2.13-1.0.0.jar:/Users/kabelomodipa/.m2/repository/io/gatling/gatling-test-framework/3.9.3/gatling-test-framework-3.9.3.jar:/Users/kabelomodipa/.m2/repository/org/scala-sbt/test-interface/1.0/test-interface-1.0.jar:/Users/kabelomodipa/.m2/repository/org/slf4j/slf4j-simple/2.0.9/slf4j-simple-2.0.9.jar:/Users/kabelomodipa/.m2/repository/org/assertj/assertj-core/3.24.2/assertj-core-3.24.2.jar:/Users/kabelomodipa/.m2/repository/net/bytebuddy/byte-buddy/1.12.21/byte-buddy-1.12.21.jar:"/>
    <property name="sun.cpu.endian" value="little"/>
    <property name="user.home" value="/Users/kabelomodipa"/>
    <property name="user.language" value="en"/>
    <property name="java.specification.vendor" value="Oracle Corporation"/>
    <property name="java.version.date" value="2025-01-21"/>
    <property name="java.home" value="/opt/homebrew/Cellar/openjdk/23.0.2/libexec/openjdk.jdk/Contents/Home"/>
    <property name="file.separator" value="/"/>
    <property name="basedir" value="/Users/kabelomodipa/Documents/GitHub/absa-techinical-assessment"/>
    <property name="java.vm.compressedOopsMode" value="Zero based"/>
    <property name="line.separator" value="&#10;"/>
    <property name="java.vm.specification.vendor" value="Oracle Corporation"/>
    <property name="java.specification.name" value="Java Platform API Specification"/>
    <property name="apple.awt.application.name" value="ForkedBooter"/>
    <property name="surefire.real.class.path" value="/Users/kabelomodipa/Documents/GitHub/absa-techinical-assessment/target/surefire/surefirebooter6627328316972718257.jar"/>
    <property name="sun.management.compiler" value="HotSpot 64-Bit Tiered Compilers"/>
    <property name="ftp.nonProxyHosts" value="local|*.local|169.254/16|*.169.254/16"/>
    <property name="java.runtime.version" value="23.0.2"/>
    <property name="user.name" value="kabelomodipa"/>
    <property name="stdout.encoding" value="UTF-8"/>
    <property name="path.separator" value=":"/>
    <property name="os.version" value="15.5"/>
    <property name="java.runtime.name" value="OpenJDK Runtime Environment"/>
    <property name="file.encoding" value="UTF-8"/>
    <property name="java.vm.name" value="OpenJDK 64-Bit Server VM"/>
    <property name="java.vendor.version" value="Homebrew"/>
    <property name="maven.ext.class.path" value="/Users/kabelomodipa/.vscode/extensions/oracle.oracle-java-24.0.0/nbcode/java/maven-nblib/netbeans-eventspy.jar"/>
    <property name="localRepository" value="/Users/kabelomodipa/.m2/repository"/>
    <property name="java.vendor.url.bug" value="https://github.com/Homebrew/homebrew-core/issues"/>
    <property name="java.io.tmpdir" value="/var/folders/3_/xx4tkq6x7pj6f9twxtmfjgh40000gn/T/"/>
    <property name="java.version" value="23.0.2"/>
    <property name="user.dir" value="/Users/kabelomodipa/Documents/GitHub/absa-techinical-assessment"/>
    <property name="os.arch" value="aarch64"/>
    <property name="java.vm.specification.name" value="Java Virtual Machine Specification"/>
    <property name="native.encoding" value="UTF-8"/>
    <property name="java.library.path" value="/Users/kabelomodipa/Library/Java/Extensions:/Library/Java/Extensions:/Network/Library/Java/Extensions:/System/Library/Java/Extensions:/usr/lib/java:."/>
    <property name="java.vm.info" value="mixed mode, sharing"/>
    <property name="stderr.encoding" value="UTF-8"/>
    <property name="java.vendor" value="Homebrew"/>
    <property name="java.vm.version" value="23.0.2"/>
    <property name="sun.io.unicode.encoding" value="UnicodeBig"/>
    <property name="socksNonProxyHosts" value="local|*.local|169.254/16|*.169.254/16"/>
    <property name="java.class.version" value="67.0"/>
  </properties>
  <testcase name="fetchTypes_andVerifyDogExists" classname="com.absa.api.PetfinderRealTest" time="1.184"/>
</testsuite>